#
# There is insufficient memory for the Java Runtime Environment to continue.
# Native memory allocation (mmap) failed to map 266338304 bytes for G1 virtual space
# Possible reasons:
#   The system is out of physical RAM or swap space
#   The process is running with CompressedOops enabled, and the Java Heap may be blocking the growth of the native heap
# Possible solutions:
#   Reduce memory load on the system
#   Increase physical memory or swap space
#   Check if swap backing store is full
#   Decrease Java heap size (-Xmx/-Xms)
#   Decrease number of Java threads
#   Decrease Java thread stack sizes (-Xss)
#   Set larger code cache with -XX:ReservedCodeCacheSize=
#   JVM is running with Zero Based Compressed Oops mode in which the Java heap is
#     placed in the first 32GB address space. The Java Heap base address is the
#     maximum limit for the native heap growth. Please use -XX:HeapBaseMinAddress
#     to set the Java Heap base and to place the Java Heap above 32GB virtual address.
# This output file may be truncated or incomplete.
#
#  Out of Memory Error (os_windows.cpp:3613), pid=6912, tid=15428
#
# JRE version:  (17.0.9+8) (build )
# Java VM: OpenJDK 64-Bit Server VM (17.0.9+8-LTS, mixed mode, sharing, tiered, compressed oops, compressed class ptrs, g1 gc, windows-amd64)
# No core dump will be written. Minidumps are not enabled by default on client versions of Windows
#

---------------  S U M M A R Y ------------

Command Line: -ea -Didea.test.cyclic.buffer.size=1048576 -javaagent:D:\Program Files\JetBrainsUltimate\IntelliJ IDEA 2022.3.2\lib\idea_rt.jar=38048:D:\Program Files\JetBrainsUltimate\IntelliJ IDEA 2022.3.2\bin -Dfile.encoding=UTF-8 com.intellij.rt.junit.JUnitStarter -ideVersion5 -junit4 api.ReqrestTest,checkAvatarAndIdTest

Host: Intel(R) Core(TM) i5-10210U CPU @ 1.60GHz, 8 cores, 15G,  Windows 11 , 64 bit Build 22621 (10.0.22621.2506)
Time: Mon Jan 15 16:10:32 2024 RTZ 2 (s 11 , 64 bit Build 22621 (10.0.22621.2506) elapsed time: 0.017283 seconds (0d 0h 0m 0s)

---------------  T H R E A D  ---------------

Current thread (0x0000024bf62dc080):  JavaThread "Unknown thread" [_thread_in_vm, id=15428, stack(0x00000055cfe00000,0x00000055cff00000)]

Stack: [0x00000055cfe00000,0x00000055cff00000]
Native frames: (J=compiled Java code, j=interpreted, Vv=VM code, C=native code)
V  [jvm.dll+0x67cb49]
V  [jvm.dll+0x8344da]
V  [jvm.dll+0x835f9e]
V  [jvm.dll+0x836603]
V  [jvm.dll+0x247b5f]
V  [jvm.dll+0x679969]
V  [jvm.dll+0x66e2ba]
V  [jvm.dll+0x307a5b]
V  [jvm.dll+0x30ef06]
V  [jvm.dll+0x35ecee]
V  [jvm.dll+0x35ef1f]
V  [jvm.dll+0x2de658]
V  [jvm.dll+0x2df5c4]
V  [jvm.dll+0x805d51]
V  [jvm.dll+0x36cb51]
V  [jvm.dll+0x7e47dc]
V  [jvm.dll+0x3f03cf]
V  [jvm.dll+0x3f2001]
C  [jli.dll+0x528f]
C  [ucrtbase.dll+0x29363]
C  [KERNEL32.DLL+0x1257d]
C  [ntdll.dll+0x5aa58]


---------------  P R O C E S S  ---------------

Threads class SMR info:
_java_thread_list=0x00007fffb044ee98, length=0, elements={
}

Java Threads: ( => current thread )

Other Threads:
  0x0000024bf6346d50 GCTaskThread "GC Thread#0" [stack: 0x00000055cff00000,0x00000055d0000000] [id=13668]
  0x0000024bf6357a20 ConcurrentGCThread "G1 Main Marker" [stack: 0x00000055d0000000,0x00000055d0100000] [id=10296]
  0x0000024bf6358440 ConcurrentGCThread "G1 Conc#0" [stack: 0x00000055d0100000,0x00000055d0200000] [id=1804]

[error occurred during error reporting (printing all threads), id 0xc0000005, EXCEPTION_ACCESS_VIOLATION (0xc0000005) at pc=0x00007fffafc0f097]

VM state: not at safepoint (not fully initialized)

VM Mutex/Monitor currently owned by a thread:  ([mutex/lock_event])
[0x0000024bf62d6920] Heap_lock - owner thread: 0x0000024bf62dc080

Heap address: 0x0000000702800000, size: 4056 MB, Compressed Oops mode: Zero based, Oop shift amount: 3

CDS archive(s) mapped at: [0x0000000000000000-0x0000000000000000-0x0000000000000000), size 0, SharedBaseAddress: 0x0000000800000000, ArchiveRelocationMode: 1.
Narrow klass base: 0x0000000000000000, Narrow klass shift: 0, Narrow klass range: 0x0

GC Precious Log:
<Empty>

Heap:
 garbage-first heap   total 0K, used 0K [0x0000000702800000, 0x0000000800000000)
  region size 2048K, 0 young (0K), 0 survivors (0K)

[error occurred during error reporting (printing heap information), id 0xc0000005, EXCEPTION_ACCESS_VIOLATION (0xc0000005) at pc=0x00007fffafff68f9]

GC Heap History (0 events):
No events

Dll operation events (1 events):
Event: 0.012 Loaded shared library C:\Users\doct2\.jdks\corretto-17.0.9\bin\java.dll

Deoptimization events (0 events):
No events

Classes unloaded (0 events):
No events

Classes redefined (0 events):
No events

Internal exceptions (0 events):
No events

VM Operations (0 events):
No events

Events (0 events):
No events


Dynamic libraries:
0x00007ff66d180000 - 0x00007ff66d18e000 	C:\Users\doct2\.jdks\corretto-17.0.9\bin\java.exe
0x00007ff82a250000 - 0x00007ff82a467000 	C:\WINDOWS\SYSTEM32\ntdll.dll
0x00007ff828d90000 - 0x00007ff828e54000 	C:\WINDOWS\System32\KERNEL32.DLL
0x00007ff827980000 - 0x00007ff827d26000 	C:\WINDOWS\System32\KERNELBASE.dll
0x00007ff827590000 - 0x00007ff8276a1000 	C:\WINDOWS\System32\ucrtbase.dll
0x00007ff80a3e0000 - 0x00007ff80a3f7000 	C:\Users\doct2\.jdks\corretto-17.0.9\bin\jli.dll
0x00007ff809170000 - 0x00007ff80918b000 	C:\Users\doct2\.jdks\corretto-17.0.9\bin\VCRUNTIME140.dll
0x00007ff829ef0000 - 0x00007ff82a09e000 	C:\WINDOWS\System32\USER32.dll
0x00007ff814d10000 - 0x00007ff814fa3000 	C:\WINDOWS\WinSxS\amd64_microsoft.windows.common-controls_6595b64144ccf1df_6.0.22621.2506_none_270c5ae97388e100\COMCTL32.dll
0x00007ff8278e0000 - 0x00007ff827906000 	C:\WINDOWS\System32\win32u.dll
0x00007ff82a1e0000 - 0x00007ff82a209000 	C:\WINDOWS\System32\GDI32.dll
0x00007ff828c80000 - 0x00007ff828d27000 	C:\WINDOWS\System32\msvcrt.dll
0x00007ff827dd0000 - 0x00007ff827ee8000 	C:\WINDOWS\System32\gdi32full.dll
0x00007ff827d30000 - 0x00007ff827dca000 	C:\WINDOWS\System32\msvcp_win.dll
0x00007ff8298e0000 - 0x00007ff829911000 	C:\WINDOWS\System32\IMM32.DLL
0x00007ff80ab50000 - 0x00007ff80ab5c000 	C:\Users\doct2\.jdks\corretto-17.0.9\bin\vcruntime140_1.dll
0x00007ff805b00000 - 0x00007ff805b8d000 	C:\Users\doct2\.jdks\corretto-17.0.9\bin\msvcp140.dll
0x00007fffaf920000 - 0x00007fffb0581000 	C:\Users\doct2\.jdks\corretto-17.0.9\bin\server\jvm.dll
0x00007ff82a0a0000 - 0x00007ff82a153000 	C:\WINDOWS\System32\ADVAPI32.dll
0x00007ff829230000 - 0x00007ff8292d8000 	C:\WINDOWS\System32\sechost.dll
0x00007ff827ef0000 - 0x00007ff827f18000 	C:\WINDOWS\System32\bcrypt.dll
0x00007ff828e70000 - 0x00007ff828f87000 	C:\WINDOWS\System32\RPCRT4.dll
0x00007ff827460000 - 0x00007ff8274ad000 	C:\WINDOWS\SYSTEM32\POWRPROF.dll
0x00007ff8173c0000 - 0x00007ff8173c9000 	C:\WINDOWS\SYSTEM32\WSOCK32.dll
0x00007ff82a160000 - 0x00007ff82a1d1000 	C:\WINDOWS\System32\WS2_32.dll
0x00007ff825150000 - 0x00007ff825184000 	C:\WINDOWS\SYSTEM32\WINMM.dll
0x00007ff81dd10000 - 0x00007ff81dd1a000 	C:\WINDOWS\SYSTEM32\VERSION.dll
0x00007ff827440000 - 0x00007ff827453000 	C:\WINDOWS\SYSTEM32\UMPDC.dll
0x00007ff826580000 - 0x00007ff826598000 	C:\WINDOWS\SYSTEM32\kernel.appcore.dll
0x00007ff809240000 - 0x00007ff80924a000 	C:\Users\doct2\.jdks\corretto-17.0.9\bin\jimage.dll
0x00007ff824b80000 - 0x00007ff824db3000 	C:\WINDOWS\SYSTEM32\DBGHELP.DLL
0x00007ff829b60000 - 0x00007ff829ee9000 	C:\WINDOWS\System32\combase.dll
0x00007ff829150000 - 0x00007ff829227000 	C:\WINDOWS\System32\OLEAUT32.dll
0x00007ff81eee0000 - 0x00007ff81ef12000 	C:\WINDOWS\SYSTEM32\dbgcore.DLL
0x00007ff827f20000 - 0x00007ff827f9a000 	C:\WINDOWS\System32\bcryptPrimitives.dll
0x00007ff81f4c0000 - 0x00007ff81f4ce000 	C:\Users\doct2\.jdks\corretto-17.0.9\bin\instrument.dll
0x00007ff807540000 - 0x00007ff807565000 	C:\Users\doct2\.jdks\corretto-17.0.9\bin\java.dll

dbghelp: loaded successfully - version: 4.0.5 - missing functions: none
symbol engine: initialized successfully - sym options: 0x614 - pdb path: .;C:\Users\doct2\.jdks\corretto-17.0.9\bin;C:\WINDOWS\SYSTEM32;C:\WINDOWS\WinSxS\amd64_microsoft.windows.common-controls_6595b64144ccf1df_6.0.22621.2506_none_270c5ae97388e100;C:\Users\doct2\.jdks\corretto-17.0.9\bin\server

VM Arguments:
jvm_args: -ea -Didea.test.cyclic.buffer.size=1048576 -javaagent:D:\Program Files\JetBrainsUltimate\IntelliJ IDEA 2022.3.2\lib\idea_rt.jar=38048:D:\Program Files\JetBrainsUltimate\IntelliJ IDEA 2022.3.2\bin -Dfile.encoding=UTF-8 
java_command: com.intellij.rt.junit.JUnitStarter -ideVersion5 -junit4 api.ReqrestTest,checkAvatarAndIdTest
java_class_path (initial): D:\Program Files\JetBrainsUltimate\IntelliJ IDEA 2022.3.2\lib\idea_rt.jar;D:\Program Files\JetBrainsUltimate\IntelliJ IDEA 2022.3.2\plugins\junit\lib\junit5-rt.jar;D:\Program Files\JetBrainsUltimate\IntelliJ IDEA 2022.3.2\plugins\junit\lib\junit-rt.jar;D:\Java\TestingJava\RestAssured\target\test-classes;D:\Java\TestingJava\RestAssured\target\classes;C:\Users\doct2\.m2\repository\io\rest-assured\rest-assured\5.4.0\rest-assured-5.4.0.jar;C:\Users\doct2\.m2\repository\org\apache\groovy\groovy\4.0.16\groovy-4.0.16.jar;C:\Users\doct2\.m2\repository\org\apache\groovy\groovy-xml\4.0.16\groovy-xml-4.0.16.jar;C:\Users\doct2\.m2\repository\org\apache\httpcomponents\httpclient\4.5.13\httpclient-4.5.13.jar;C:\Users\doct2\.m2\repository\org\apache\httpcomponents\httpcore\4.4.13\httpcore-4.4.13.jar;C:\Users\doct2\.m2\repository\commons-logging\commons-logging\1.2\commons-logging-1.2.jar;C:\Users\doct2\.m2\repository\commons-codec\commons-codec\1.11\commons-codec-1.11.jar;C:\Users\doct2\.m2\repository\org\apache\httpcomponents\httpmime\4.5.13\httpmime-4.5.13.jar;C:\Users\doct2\.m2\repository\org\hamcrest\hamcrest\2.2\hamcrest-2.2.jar;C:\Users\doct2\.m2\repository\org\ccil\cowan\tagsoup\tagsoup\1.2.1\tagsoup-1.2.1.jar;C:\Users\doct2\.m2\repository\io\rest-assured\json-path\5.4.0\json-path-5.4.0.jar;C:\Users\doct2\.m2\repository\org\apache\groovy\groovy-json\4.0.16\groovy-json-4.0.16.jar;C:\Users\doct2\.m2\repository\io\rest-assured\rest-assured-common\5.4.0\rest-assured-common-5.4.0.jar;C:\Users\doct2\.m2\repository\io\rest-assured\xml-path\5.4.0\xml-path-5.4.0.jar;C:\Users\doct2\.m2\repository\org\seleniumhq\selenium\selenium-java\4.16.1\selenium-java-4.16.1.jar;C:\Users\doct2\.m2\repository\org\seleniumhq\selenium\selenium-devtools-v118\4.16.1\selenium-devtools-v118-4.16.1.jar;C:\Users\doct2\.m2\repository\org\seleniumhq\selenium\selenium-devtools-v119\4.16.1\selenium-devtools-v119-4.16.1.jar;C:\Users\doct2\.m2\repository\org\seleniumhq\selenium\selen
Launcher Type: SUN_STANDARD

[Global flags]
     intx CICompilerCount                          = 4                                         {product} {ergonomic}
     uint ConcGCThreads                            = 2                                         {product} {ergonomic}
     uint G1ConcRefinementThreads                  = 8                                         {product} {ergonomic}
   size_t G1HeapRegionSize                         = 2097152                                   {product} {ergonomic}
    uintx GCDrainStackTargetSize                   = 64                                        {product} {ergonomic}
   size_t InitialHeapSize                          = 266338304                                 {product} {ergonomic}
   size_t MarkStackSize                            = 4194304                                   {product} {ergonomic}
   size_t MaxHeapSize                              = 4253024256                                {product} {ergonomic}
   size_t MinHeapDeltaBytes                        = 2097152                                   {product} {ergonomic}
   size_t MinHeapSize                              = 8388608                                   {product} {ergonomic}
    uintx NonNMethodCodeHeapSize                   = 5839372                                {pd product} {ergonomic}
    uintx NonProfiledCodeHeapSize                  = 122909434                              {pd product} {ergonomic}
    uintx ProfiledCodeHeapSize                     = 122909434                              {pd product} {ergonomic}
    uintx ReservedCodeCacheSize                    = 251658240                              {pd product} {ergonomic}
     bool SegmentedCodeCache                       = true                                      {product} {ergonomic}
   size_t SoftMaxHeapSize                          = 4253024256                             {manageable} {ergonomic}
     bool UseCompressedClassPointers               = true                           {product lp64_product} {ergonomic}
     bool UseCompressedOops                        = true                           {product lp64_product} {ergonomic}
     bool UseG1GC                                  = true                                      {product} {ergonomic}
     bool UseLargePagesIndividualAllocation        = false                                  {pd product} {ergonomic}

Logging:
Log output configuration:
 #0: stdout all=warning uptime,level,tags
 #1: stderr all=off uptime,level,tags

Environment Variables:
JAVA_HOME=D:\Program Files\Java\jdk-19
PATH=D:\Program Files\Eclipse Adoptium\jdk-17.0.5.8-hotspot\bin;C:\Program Files\Common Files\Oracle\Java\javapath;C:\WINDOWS\system32;C:\WINDOWS;C:\WINDOWS\System32\Wbem;C:\WINDOWS\System32\WindowsPowerShell\v1.0\;C:\WINDOWS\System32\OpenSSH\;C:\platform-tools;C:\Program Files\dotnet\;C:\Users\doct2\AppData\Local\Programs\Python\Python39;C:\Users\doct2\AppData\Local\Programs\Python\Python39\Scripts;D:\Program Files\Java\jdk-19bin\;C:\Program Files\Git\cmd;C:\Users\doct2\AppData\Roaming\nvm;C:\Program Files\nodejs;D:\Program Files\PostgreSQL\16\bin\;D:\Program Files\liquibase;E:\Docker\resources\bin;D:\Program Files\Java\jdk-19\bin;C:\Program Files\PowerShell\7\;C:\Program Files\MySQL\MySQL Shell 8.0\bin\;C:\Users\doct2\AppData\Local\Programs\Python\Python311\Scripts\;C:\Users\doct2\AppData\Local\Programs\Python\Python311\;C:\Users\doct2\AppData\Local\Microsoft\WindowsApps;D:\Program Files (x86)\Microsoft VS Code\bin;C:\Users\doct2\.dotnet\tools;D:\Program Files (x86)\BrowserStackLocal\;D:\Program Files\JetBrains\IntelliJ IDEA Community Edition 2022.3.1\bin;;D:\Program Files\Java\jdk-19\bin;D:\Program Files\JetBrainsUltimate\IntelliJ IDEA 2022.3.2\bin;;C:\Users\doct2\AppData\Roaming\npm;C:\Users\doct2\AppData\Roaming\nvm;C:\Program Files\nodejs;D:\Program Files\PostgreSQL\16\bin;D:\Program Files\liquibase;
USERNAME=doct2
OS=Windows_NT
PROCESSOR_IDENTIFIER=Intel64 Family 6 Model 142 Stepping 12, GenuineIntel
TMP=C:\Users\doct2\AppData\Local\Temp
TEMP=C:\Users\doct2\AppData\Local\Temp



Periodic native trim disabled


---------------  S Y S T E M  ---------------

OS:
 Windows 11 , 64 bit Build 22621 (10.0.22621.2506)
OS uptime: 5 days 2:42 hours
Hyper-V role detected

CPU: total 8 (initial active 8) (4 cores per cpu, 2 threads per core) family 6 model 142 stepping 12 microcode 0xde, cx8, cmov, fxsr, ht, mmx, 3dnowpref, sse, sse2, sse3, ssse3, sse4.1, sse4.2, popcnt, lzcnt, tsc, tscinvbit, avx, avx2, aes, erms, clmul, bmi1, bmi2, adx, fma, vzeroupper, clflush, clflushopt, hv
Processor Information for all 8 processors :
  Max Mhz: 2112, Current Mhz: 2112, Mhz Limit: 1605

Memory: 4k page, system-wide physical 16217M (2461M free)
TotalPageFile size 31577M (AvailPageFile size 240M)
current process WorkingSet (physical memory assigned to process): 11M, peak: 11M
current process commit charge ("private bytes"): 60M, peak: 314M

vm_info: OpenJDK 64-Bit Server VM (17.0.9+8-LTS) for windows-amd64 JRE (17.0.9+8-LTS), built on Oct 12 2023 16:15:33 by "Administrator" with MS VC++ 16.10 / 16.11 (VS2019)

END.
